#
# There is insufficient memory for the Java Runtime Environment to continue.
# Native memory allocation (malloc) failed to allocate 1859456 bytes for Chunk::new
# Possible reasons:
#   The system is out of physical RAM or swap space
#   The process is running with CompressedOops enabled, and the Java Heap may be blocking the growth of the native heap
# Possible solutions:
#   Reduce memory load on the system
#   Increase physical memory or swap space
#   Check if swap backing store is full
#   Decrease Java heap size (-Xmx/-Xms)
#   Decrease number of Java threads
#   Decrease Java thread stack sizes (-Xss)
#   Set larger code cache with -XX:ReservedCodeCacheSize=
#   JVM is running with Zero Based Compressed Oops mode in which the Java heap is
#     placed in the first 32GB address space. The Java Heap base address is the
#     maximum limit for the native heap growth. Please use -XX:HeapBaseMinAddress
#     to set the Java Heap base and to place the Java Heap above 32GB virtual address.
# This output file may be truncated or incomplete.
#
#  Out of Memory Error (arena.cpp:168), pid=8496, tid=4564
#
# JRE version: Java(TM) SE Runtime Environment (21.0.1+12) (build 21.0.1+12-LTS-29)
# Java VM: Java HotSpot(TM) 64-Bit Server VM (21.0.1+12-LTS-29, mixed mode, sharing, tiered, compressed oops, compressed class ptrs, g1 gc, windows-amd64)
# No core dump will be written. Minidumps are not enabled by default on client versions of Windows
#

---------------  S U M M A R Y ------------

Command Line: -javaagent:C:\Program Files\JetBrains\IntelliJ IDEA 2025.2.3\lib\idea_rt.jar=57956 -Dfile.encoding=UTF-8 -Dsun.stdout.encoding=UTF-8 -Dsun.stderr.encoding=UTF-8 com.example.gateway.GatewayApplication

Host: Intel(R) Core(TM) i7-8550U CPU @ 1.80GHz, 8 cores, 15G,  Windows 11 , 64 bit Build 22000 (10.0.22000.2538)
Time: Tue Nov  4 12:12:28 2025 Morocco Daylight Time elapsed time: 8.286264 seconds (0d 0h 0m 8s)

---------------  T H R E A D  ---------------

Current thread (0x000002e1fed750b0):  JavaThread "C2 CompilerThread1" daemon [_thread_in_native, id=4564, stack(0x000000e1e0500000,0x000000e1e0600000) (1024K)]


Current CompileTask:
C2:   8286 3450 %     4       org.springframework.boot.context.properties.source.ConfigurationPropertyName$ElementsParser::parse @ 23 (235 bytes)

Stack: [0x000000e1e0500000,0x000000e1e0600000]
Native frames: (J=compiled Java code, j=interpreted, Vv=VM code, C=native code)
V  [jvm.dll+0x6c9029]
V  [jvm.dll+0x854b81]
V  [jvm.dll+0x856e5e]
V  [jvm.dll+0x857543]
V  [jvm.dll+0x280c06]
V  [jvm.dll+0xc3ead]
V  [jvm.dll+0xc43c3]
V  [jvm.dll+0x3b576c]
V  [jvm.dll+0x382475]
V  [jvm.dll+0x3818ea]
V  [jvm.dll+0x249ad0]
V  [jvm.dll+0x2490b1]
V  [jvm.dll+0x1c9ca1]
V  [jvm.dll+0x2586b9]
V  [jvm.dll+0x256c9a]
V  [jvm.dll+0x3ef1b6]
V  [jvm.dll+0x7fd728]
V  [jvm.dll+0x6c777d]
C  [ucrtbase.dll+0x26c0c]
C  [KERNEL32.DLL+0x153e0]
C  [ntdll.dll+0x485b]


---------------  P R O C E S S  ---------------

Threads class SMR info:
_java_thread_list=0x000002e1feb1af10, length=15, elements={
0x000002e1dc479560, 0x000002e1fd806500, 0x000002e1fd8093e0, 0x000002e1fd80b160,
0x000002e1fd80cbd0, 0x000002e1fd80d7e0, 0x000002e1fd80e240, 0x000002e1fd80f180,
0x000002e1fd80fdd0, 0x000002e1fd7cd1c0, 0x000002e1fdf6d7c0, 0x000002e1fdf6de30,
0x000002e1fec43c60, 0x000002e1fed750b0, 0x000002e1fe8fdb50
}

Java Threads: ( => current thread )
  0x000002e1dc479560 JavaThread "main"                              [_thread_blocked, id=20484, stack(0x000000e1dea00000,0x000000e1deb00000) (1024K)]
  0x000002e1fd806500 JavaThread "Reference Handler"          daemon [_thread_blocked, id=24868, stack(0x000000e1df200000,0x000000e1df300000) (1024K)]
  0x000002e1fd8093e0 JavaThread "Finalizer"                  daemon [_thread_blocked, id=18636, stack(0x000000e1df300000,0x000000e1df400000) (1024K)]
  0x000002e1fd80b160 JavaThread "Signal Dispatcher"          daemon [_thread_blocked, id=19200, stack(0x000000e1df400000,0x000000e1df500000) (1024K)]
  0x000002e1fd80cbd0 JavaThread "Attach Listener"            daemon [_thread_blocked, id=9456, stack(0x000000e1df500000,0x000000e1df600000) (1024K)]
  0x000002e1fd80d7e0 JavaThread "Service Thread"             daemon [_thread_blocked, id=25496, stack(0x000000e1df600000,0x000000e1df700000) (1024K)]
  0x000002e1fd80e240 JavaThread "Monitor Deflation Thread"   daemon [_thread_blocked, id=23736, stack(0x000000e1df700000,0x000000e1df800000) (1024K)]
  0x000002e1fd80f180 JavaThread "C2 CompilerThread0"         daemon [_thread_in_native, id=12560, stack(0x000000e1df800000,0x000000e1df900000) (1024K)]
  0x000002e1fd80fdd0 JavaThread "C1 CompilerThread0"         daemon [_thread_blocked, id=8208, stack(0x000000e1df900000,0x000000e1dfa00000) (1024K)]
  0x000002e1fd7cd1c0 JavaThread "Common-Cleaner"             daemon [_thread_blocked, id=17052, stack(0x000000e1dfa00000,0x000000e1dfb00000) (1024K)]
  0x000002e1fdf6d7c0 JavaThread "Monitor Ctrl-Break"         daemon [_thread_in_native, id=19700, stack(0x000000e1dfb00000,0x000000e1dfc00000) (1024K)]
  0x000002e1fdf6de30 JavaThread "Notification Thread"        daemon [_thread_blocked, id=13660, stack(0x000000e1dfc00000,0x000000e1dfd00000) (1024K)]
  0x000002e1fec43c60 JavaThread "background-preinit"                [_thread_blocked, id=17648, stack(0x000000e1dfd00000,0x000000e1dfe00000) (1024K)]
=>0x000002e1fed750b0 JavaThread "C2 CompilerThread1"         daemon [_thread_in_native, id=4564, stack(0x000000e1e0500000,0x000000e1e0600000) (1024K)]
  0x000002e1fe8fdb50 JavaThread "C2 CompilerThread2"         daemon [_thread_in_native, id=4140, stack(0x000000e1e0600000,0x000000e1e0700000) (1024K)]
Total: 15

Other Threads:
  0x000002e1fd7e4850 VMThread "VM Thread"                           [id=21384, stack(0x000000e1df100000,0x000000e1df200000) (1024K)]
  0x000002e1fd7cc6d0 WatcherThread "VM Periodic Task Thread"        [id=20152, stack(0x000000e1df000000,0x000000e1df100000) (1024K)]
  0x000002e1de767740 WorkerThread "GC Thread#0"                     [id=25404, stack(0x000000e1deb00000,0x000000e1dec00000) (1024K)]
  0x000002e1fe243ef0 WorkerThread "GC Thread#1"                     [id=23172, stack(0x000000e1dfe00000,0x000000e1dff00000) (1024K)]
  0x000002e1fe4dd820 WorkerThread "GC Thread#2"                     [id=7016, stack(0x000000e1dff00000,0x000000e1e0000000) (1024K)]
  0x000002e1fe4ddbc0 WorkerThread "GC Thread#3"                     [id=4544, stack(0x000000e1e0000000,0x000000e1e0100000) (1024K)]
  0x000002e1fe3f2020 WorkerThread "GC Thread#4"                     [id=15536, stack(0x000000e1e0100000,0x000000e1e0200000) (1024K)]
  0x000002e1fe3f23c0 WorkerThread "GC Thread#5"                     [id=25132, stack(0x000000e1e0200000,0x000000e1e0300000) (1024K)]
  0x000002e1feb29450 WorkerThread "GC Thread#6"                     [id=25396, stack(0x000000e1e0300000,0x000000e1e0400000) (1024K)]
  0x000002e1fe3b18a0 WorkerThread "GC Thread#7"                     [id=9424, stack(0x000000e1e0400000,0x000000e1e0500000) (1024K)]
  0x000002e1de779660 ConcurrentGCThread "G1 Main Marker"            [id=23732, stack(0x000000e1dec00000,0x000000e1ded00000) (1024K)]
  0x000002e1de77a900 WorkerThread "G1 Conc#0"                       [id=5456, stack(0x000000e1ded00000,0x000000e1dee00000) (1024K)]
  0x000002e1fefa1110 WorkerThread "G1 Conc#1"                       [id=14024, stack(0x000000e1e0700000,0x000000e1e0800000) (1024K)]
  0x000002e1de7be110 ConcurrentGCThread "G1 Refine#0"               [id=12032, stack(0x000000e1dee00000,0x000000e1def00000) (1024K)]
  0x000002e1de7beb90 ConcurrentGCThread "G1 Service"                [id=4460, stack(0x000000e1def00000,0x000000e1df000000) (1024K)]
Total: 15

Threads with active compile tasks:
C2 CompilerThread0     8336 3292   !   4       org.springframework.boot.context.properties.source.SpringConfigurationPropertySource::getConfigurationProperty (116 bytes)
C2 CompilerThread1     8336 3450 %     4       org.springframework.boot.context.properties.source.ConfigurationPropertyName$ElementsParser::parse @ 23 (235 bytes)
C2 CompilerThread2     8337 3192       4       org.springframework.boot.context.properties.source.SpringIterableConfigurationPropertySource::getConfigurationProperty (91 bytes)
Total: 3

VM state: not at safepoint (normal execution)

VM Mutex/Monitor currently owned by a thread:  ([mutex/lock_event])
[0x00007ffa1b078178] Uncommit_lock - owner thread: 0x000002e1de7beb90

Heap address: 0x0000000702800000, size: 4056 MB, Compressed Oops mode: Zero based, Oop shift amount: 3

CDS archive(s) mapped at: [0x000002e180000000-0x000002e180c90000-0x000002e180c90000), size 13172736, SharedBaseAddress: 0x000002e180000000, ArchiveRelocationMode: 1.
Compressed class space mapped at: 0x000002e181000000-0x000002e1c1000000, reserved size: 1073741824
Narrow klass base: 0x000002e180000000, Narrow klass shift: 0, Narrow klass range: 0x100000000

GC Precious Log:
 CardTable entry size: 512
 Card Set container configuration: InlinePtr #cards 4 size 8 Array Of Cards #cards 16 size 48 Howl #buckets 8 coarsen threshold 3686 Howl Bitmap #cards 512 size 80 coarsen threshold 460 Card regions per heap region 1 cards per card region 4096
 CPUs: 8 total, 8 available
 Memory: 16217M
 Large Page Support: Disabled
 NUMA Support: Disabled
 Compressed Oops: Enabled (Zero based)
 Heap Region Size: 2M
 Heap Min Capacity: 8M
 Heap Initial Capacity: 254M
 Heap Max Capacity: 4056M
 Pre-touch: Disabled
 Parallel Workers: 8
 Concurrent Workers: 2
 Concurrent Refinement Workers: 8
 Periodic GC: Disabled

Heap:
 garbage-first heap   total 81920K, used 20437K [0x0000000702800000, 0x0000000800000000)
  region size 2048K, 5 young (10240K), 4 survivors (8192K)
 Metaspace       used 21293K, committed 21632K, reserved 1114112K
  class space    used 2607K, committed 2752K, reserved 1048576K

Heap Regions: E=young(eden), S=young(survivor), O=old, HS=humongous(starts), HC=humongous(continues), CS=collection set, F=free, TAMS=top-at-mark-start, PB=parsable bottom
|   0|0x0000000702800000, 0x0000000702a00000, 0x0000000702a00000|100%| O|  |TAMS 0x0000000702a00000| PB 0x0000000702800000| Untracked 
|   1|0x0000000702a00000, 0x0000000702c00000, 0x0000000702c00000|100%| O|  |TAMS 0x0000000702c00000| PB 0x0000000702c00000| Untracked 
|   2|0x0000000702c00000, 0x0000000702e00000, 0x0000000702e00000|100%| O|  |TAMS 0x0000000702e00000| PB 0x0000000702e00000| Untracked 
|   3|0x0000000702e00000, 0x0000000703000000, 0x0000000703000000|100%| O|  |TAMS 0x0000000703000000| PB 0x0000000703000000| Untracked 
|   4|0x0000000703000000, 0x0000000703200000, 0x0000000703200000|100%| O|  |TAMS 0x0000000703200000| PB 0x0000000703200000| Updating 
|   5|0x0000000703200000, 0x0000000703200000, 0x0000000703400000|  0%| F|  |TAMS 0x0000000703200000| PB 0x0000000703200000| Untracked 
|   6|0x0000000703400000, 0x0000000703400000, 0x0000000703600000|  0%| F|  |TAMS 0x0000000703400000| PB 0x0000000703400000| Untracked 
|   7|0x0000000703600000, 0x0000000703600000, 0x0000000703800000|  0%| F|  |TAMS 0x0000000703600000| PB 0x0000000703600000| Untracked 
|   8|0x0000000703800000, 0x0000000703800000, 0x0000000703a00000|  0%| F|  |TAMS 0x0000000703800000| PB 0x0000000703800000| Untracked 
|   9|0x0000000703a00000, 0x0000000703c00000, 0x0000000703c00000|100%| O|  |TAMS 0x0000000703c00000| PB 0x0000000703c00000| Updating 
|  10|0x0000000703c00000, 0x0000000703cfff10, 0x0000000703e00000| 49%| O|  |TAMS 0x0000000703cfff10| PB 0x0000000703cfff10| Updating 
|  11|0x0000000703e00000, 0x0000000703e00000, 0x0000000704000000|  0%| F|  |TAMS 0x0000000703e00000| PB 0x0000000703e00000| Untracked 
|  12|0x0000000704000000, 0x0000000704000000, 0x0000000704200000|  0%| F|  |TAMS 0x0000000704000000| PB 0x0000000704000000| Untracked 
|  13|0x0000000704200000, 0x0000000704200000, 0x0000000704400000|  0%| F|  |TAMS 0x0000000704200000| PB 0x0000000704200000| Untracked 
|  14|0x0000000704400000, 0x0000000704400000, 0x0000000704600000|  0%| F|  |TAMS 0x0000000704400000| PB 0x0000000704400000| Untracked 
|  15|0x0000000704600000, 0x0000000704600000, 0x0000000704800000|  0%| F|  |TAMS 0x0000000704600000| PB 0x0000000704600000| Untracked 
|  16|0x0000000704800000, 0x0000000704800000, 0x0000000704a00000|  0%| F|  |TAMS 0x0000000704800000| PB 0x0000000704800000| Untracked 
|  17|0x0000000704a00000, 0x0000000704a00000, 0x0000000704c00000|  0%| F|  |TAMS 0x0000000704a00000| PB 0x0000000704a00000| Untracked 
|  18|0x0000000704c00000, 0x0000000704c00000, 0x0000000704e00000|  0%| F|  |TAMS 0x0000000704c00000| PB 0x0000000704c00000| Untracked 
|  19|0x0000000704e00000, 0x0000000704e00000, 0x0000000705000000|  0%| F|  |TAMS 0x0000000704e00000| PB 0x0000000704e00000| Untracked 
|  20|0x0000000705000000, 0x0000000705000000, 0x0000000705200000|  0%| F|  |TAMS 0x0000000705000000| PB 0x0000000705000000| Untracked 
|  21|0x0000000705200000, 0x0000000705200000, 0x0000000705400000|  0%| F|  |TAMS 0x0000000705200000| PB 0x0000000705200000| Untracked 
|  22|0x0000000705400000, 0x0000000705400000, 0x0000000705600000|  0%| F|  |TAMS 0x0000000705400000| PB 0x0000000705400000| Untracked 
|  23|0x0000000705600000, 0x0000000705600000, 0x0000000705800000|  0%| F|  |TAMS 0x0000000705600000| PB 0x0000000705600000| Untracked 
|  24|0x0000000705800000, 0x0000000705800000, 0x0000000705a00000|  0%| F|  |TAMS 0x0000000705800000| PB 0x0000000705800000| Untracked 
|  25|0x0000000705a00000, 0x0000000705a00000, 0x0000000705c00000|  0%| F|  |TAMS 0x0000000705a00000| PB 0x0000000705a00000| Untracked 
|  26|0x0000000705c00000, 0x0000000705c00000, 0x0000000705e00000|  0%| F|  |TAMS 0x0000000705c00000| PB 0x0000000705c00000| Untracked 
|  27|0x0000000705e00000, 0x0000000705e00000, 0x0000000706000000|  0%| F|  |TAMS 0x0000000705e00000| PB 0x0000000705e00000| Untracked 
|  28|0x0000000706000000, 0x0000000706000000, 0x0000000706200000|  0%| F|  |TAMS 0x0000000706000000| PB 0x0000000706000000| Untracked 
|  29|0x0000000706200000, 0x0000000706200000, 0x0000000706400000|  0%| F|  |TAMS 0x0000000706200000| PB 0x0000000706200000| Untracked 
|  30|0x0000000706400000, 0x0000000706400000, 0x0000000706600000|  0%| F|  |TAMS 0x0000000706400000| PB 0x0000000706400000| Untracked 
|  31|0x0000000706600000, 0x0000000706600000, 0x0000000706800000|  0%| F|  |TAMS 0x0000000706600000| PB 0x0000000706600000| Untracked 
|  32|0x0000000706800000, 0x0000000706800000, 0x0000000706a00000|  0%| F|  |TAMS 0x0000000706800000| PB 0x0000000706800000| Untracked 
|  33|0x0000000706a00000, 0x0000000706a00000, 0x0000000706c00000|  0%| F|  |TAMS 0x0000000706a00000| PB 0x0000000706a00000| Untracked 
|  34|0x0000000706c00000, 0x0000000706c00000, 0x0000000706e00000|  0%| F|  |TAMS 0x0000000706c00000| PB 0x0000000706c00000| Untracked 
|  96|0x000000070e800000, 0x000000070e8f5880, 0x000000070ea00000| 47%| S|CS|TAMS 0x000000070e800000| PB 0x000000070e800000| Complete 
|  97|0x000000070ea00000, 0x000000070ec00000, 0x000000070ec00000|100%| S|CS|TAMS 0x000000070ea00000| PB 0x000000070ea00000| Complete 
|  98|0x000000070ec00000, 0x000000070ee00000, 0x000000070ee00000|100%| S|CS|TAMS 0x000000070ec00000| PB 0x000000070ec00000| Complete 
|  99|0x000000070ee00000, 0x000000070f000000, 0x000000070f000000|100%| S|CS|TAMS 0x000000070ee00000| PB 0x000000070ee00000| Complete 
| 126|0x0000000712400000, 0x0000000712600000, 0x0000000712600000|100%| E|  |TAMS 0x0000000712400000| PB 0x0000000712400000| Complete 

Card table byte_map: [0x000002e1f6680000,0x000002e1f6e70000] _byte_map_base: 0x000002e1f2e6c000

Marking Bits: (CMBitMap*) 0x000002e1de767e40
 Bits: [0x000002e1f6e70000, 0x000002e1fadd0000)

Polling page: 0x000002e1dc6b0000

Metaspace:

Usage:
  Non-class:     18.25 MB used.
      Class:      2.55 MB used.
       Both:     20.79 MB used.

Virtual space:
  Non-class space:       64.00 MB reserved,      18.44 MB ( 29%) committed,  1 nodes.
      Class space:        1.00 GB reserved,       2.69 MB ( <1%) committed,  1 nodes.
             Both:        1.06 GB reserved,      21.12 MB (  2%) committed. 

Chunk freelists:
   Non-Class:  13.44 MB
       Class:  13.12 MB
        Both:  26.56 MB

MaxMetaspaceSize: unlimited
CompressedClassSpaceSize: 1.00 GB
Initial GC threshold: 21.00 MB
Current GC threshold: 35.25 MB
CDS: on
 - commit_granule_bytes: 65536.
 - commit_granule_words: 8192.
 - virtual_space_node_default_size: 8388608.
 - enlarge_chunks_in_place: 1.
 - use_allocation_guard: 0.


Internal statistics:

num_allocs_failed_limit: 3.
num_arena_births: 432.
num_arena_deaths: 0.
num_vsnodes_births: 2.
num_vsnodes_deaths: 0.
num_space_committed: 338.
num_space_uncommitted: 0.
num_chunks_returned_to_freelist: 3.
num_chunks_taken_from_freelist: 1148.
num_chunk_merges: 3.
num_chunk_splits: 757.
num_chunks_enlarged: 516.
num_inconsistent_stats: 0.

CodeHeap 'non-profiled nmethods': size=120000Kb used=1981Kb max_used=1981Kb free=118019Kb
 bounds [0x000002e1ee620000, 0x000002e1ee890000, 0x000002e1f5b50000]
CodeHeap 'profiled nmethods': size=120000Kb used=7385Kb max_used=7385Kb free=112614Kb
 bounds [0x000002e1e6b50000, 0x000002e1e7290000, 0x000002e1ee080000]
CodeHeap 'non-nmethods': size=5760Kb used=1449Kb max_used=1514Kb free=4310Kb
 bounds [0x000002e1ee080000, 0x000002e1ee2f0000, 0x000002e1ee620000]
 total_blobs=4125 nmethods=3589 adapters=440
 compilation: enabled
              stopped_count=0, restarted_count=0
 full_count=0

Compilation events (20 events):
Event: 8.255 Thread 0x000002e1fd80fdd0 nmethod 3582 0x000002e1e727b010 code [0x000002e1e727b220, 0x000002e1e727b920]
Event: 8.256 Thread 0x000002e1fd80fdd0 3583       3       java.util.stream.StreamOpFlag::toStreamFlags (12 bytes)
Event: 8.257 Thread 0x000002e1fd80fdd0 nmethod 3583 0x000002e1e727bb10 code [0x000002e1e727bca0, 0x000002e1e727bd98]
Event: 8.258 Thread 0x000002e1fd80fdd0 3584       3       sun.reflect.annotation.AnnotationType::invocationHandlerReturnType (82 bytes)
Event: 8.258 Thread 0x000002e1fd80fdd0 nmethod 3584 0x000002e1e727be10 code [0x000002e1e727c020, 0x000002e1e727c4c0]
Event: 8.258 Thread 0x000002e1fd80fdd0 3586       3       org.springframework.boot.autoconfigure.condition.ConditionEvaluationReport$ConditionAndOutcome::hashCode (22 bytes)
Event: 8.259 Thread 0x000002e1fd80fdd0 nmethod 3586 0x000002e1e727c590 code [0x000002e1e727c760, 0x000002e1e727cb18]
Event: 8.259 Thread 0x000002e1fd80fdd0 3589   !   3       java.lang.reflect.Proxy::newProxyInstance (75 bytes)
Event: 8.260 Thread 0x000002e1fd80fdd0 nmethod 3589 0x000002e1e727cc90 code [0x000002e1e727cf00, 0x000002e1e727db08]
Event: 8.261 Thread 0x000002e1fd80fdd0 3590       3       java.lang.reflect.Method::getDefaultValue (110 bytes)
Event: 8.262 Thread 0x000002e1fd80fdd0 nmethod 3590 0x000002e1e727df90 code [0x000002e1e727e2c0, 0x000002e1e727f1e0]
Event: 8.262 Thread 0x000002e1fd80fdd0 3587       3       org.springframework.boot.autoconfigure.condition.ConditionOutcome::hashCode (19 bytes)
Event: 8.263 Thread 0x000002e1fd80fdd0 nmethod 3587 0x000002e1e727f790 code [0x000002e1e727f940, 0x000002e1e727fb48]
Event: 8.263 Thread 0x000002e1fd80fdd0 3588       3       org.springframework.boot.autoconfigure.condition.ConditionMessage::hashCode (8 bytes)
Event: 8.263 Thread 0x000002e1fd80fdd0 nmethod 3588 0x000002e1e727fc10 code [0x000002e1e727fdc0, 0x000002e1e727ff00]
Event: 8.264 Thread 0x000002e1fd80fdd0 3591       3       org.springframework.core.annotation.TypeMappedAnnotation::getMetaTypes (8 bytes)
Event: 8.265 Thread 0x000002e1fd80fdd0 nmethod 3591 0x000002e1e727ff90 code [0x000002e1e7280120, 0x000002e1e7280258]
Event: 8.281 Thread 0x000002e1fd80fdd0 3592       3       org.springframework.context.annotation.ConditionEvaluator::getCondition (14 bytes)
Event: 8.282 Thread 0x000002e1fd80fdd0 nmethod 3592 0x000002e1e7280310 code [0x000002e1e72804e0, 0x000002e1e7280768]
Event: 8.282 Thread 0x000002e1fd80fdd0 3594       3       org.springframework.boot.autoconfigure.condition.ConditionMessage::forCondition (13 bytes)

GC Heap History (6 events):
Event: 1.387 GC heap before
{Heap before GC invocations=0 (full 0):
 garbage-first heap   total 260096K, used 20480K [0x0000000702800000, 0x0000000800000000)
  region size 2048K, 11 young (22528K), 0 survivors (0K)
 Metaspace       used 2931K, committed 3136K, reserved 1114112K
  class space    used 293K, committed 384K, reserved 1048576K
}
Event: 1.399 GC heap after
{Heap after GC invocations=1 (full 0):
 garbage-first heap   total 260096K, used 9173K [0x0000000702800000, 0x0000000800000000)
  region size 2048K, 2 young (4096K), 2 survivors (4096K)
 Metaspace       used 2931K, committed 3136K, reserved 1114112K
  class space    used 293K, committed 384K, reserved 1048576K
}
Event: 2.809 GC heap before
{Heap before GC invocations=1 (full 0):
 garbage-first heap   total 260096K, used 29653K [0x0000000702800000, 0x0000000800000000)
  region size 2048K, 13 young (26624K), 2 survivors (4096K)
 Metaspace       used 7751K, committed 8000K, reserved 1114112K
  class space    used 872K, committed 960K, reserved 1048576K
}
Event: 2.815 GC heap after
{Heap after GC invocations=2 (full 0):
 garbage-first heap   total 260096K, used 13266K [0x0000000702800000, 0x0000000800000000)
  region size 2048K, 2 young (4096K), 2 survivors (4096K)
 Metaspace       used 7751K, committed 8000K, reserved 1114112K
  class space    used 872K, committed 960K, reserved 1048576K
}
Event: 5.485 GC heap before
{Heap before GC invocations=2 (full 0):
 garbage-first heap   total 260096K, used 64466K [0x0000000702800000, 0x0000000800000000)
  region size 2048K, 24 young (49152K), 2 survivors (4096K)
 Metaspace       used 13868K, committed 14272K, reserved 1114112K
  class space    used 1720K, committed 1920K, reserved 1048576K
}
Event: 5.493 GC heap after
{Heap after GC invocations=3 (full 0):
 garbage-first heap   total 260096K, used 15469K [0x0000000702800000, 0x0000000800000000)
  region size 2048K, 2 young (4096K), 2 survivors (4096K)
 Metaspace       used 13868K, committed 14272K, reserved 1114112K
  class space    used 1720K, committed 1920K, reserved 1048576K
}

Dll operation events (10 events):
Event: 0.020 Loaded shared library C:\Program Files\Java\jdk-21\bin\java.dll
Event: 0.110 Loaded shared library C:\Program Files\Java\jdk-21\bin\jsvml.dll
Event: 0.365 Loaded shared library C:\Program Files\Java\jdk-21\bin\zip.dll
Event: 0.374 Loaded shared library C:\Program Files\Java\jdk-21\bin\instrument.dll
Event: 0.386 Loaded shared library C:\Program Files\Java\jdk-21\bin\net.dll
Event: 0.388 Loaded shared library C:\Program Files\Java\jdk-21\bin\nio.dll
Event: 0.397 Loaded shared library C:\Program Files\Java\jdk-21\bin\zip.dll
Event: 0.758 Loaded shared library C:\Program Files\Java\jdk-21\bin\extnet.dll
Event: 0.867 Loaded shared library C:\Program Files\Java\jdk-21\bin\jimage.dll
Event: 4.376 Loaded shared library C:\Program Files\Java\jdk-21\bin\verify.dll

Deoptimization events (20 events):
Event: 7.966 Thread 0x000002e1fec43c60 Uncommon trap: trap_request=0xffffff45 fr.pc=0x000002e1ee80586c relative=0x0000000000000b8c
Event: 7.966 Thread 0x000002e1fec43c60 Uncommon trap: reason=unstable_if action=reinterpret pc=0x000002e1ee80586c method=java.util.regex.Pattern$Start.match(Ljava/util/regex/Matcher;ILjava/lang/CharSequence;)Z @ 47 c2
Event: 7.966 Thread 0x000002e1fec43c60 DEOPT PACKING pc=0x000002e1ee80586c sp=0x000000e1dfdfd3e0
Event: 7.966 Thread 0x000002e1fec43c60 DEOPT UNPACKING pc=0x000002e1ee0d46a2 sp=0x000000e1dfdfd368 mode 2
Event: 7.978 Thread 0x000002e1fec43c60 Uncommon trap: trap_request=0xffffff45 fr.pc=0x000002e1ee6397a0 relative=0x00000000000004c0
Event: 7.978 Thread 0x000002e1fec43c60 Uncommon trap: reason=unstable_if action=reinterpret pc=0x000002e1ee6397a0 method=java.lang.StringLatin1.canEncode(I)Z @ 4 c2
Event: 7.978 Thread 0x000002e1fec43c60 DEOPT PACKING pc=0x000002e1ee6397a0 sp=0x000000e1dfdfda40
Event: 7.978 Thread 0x000002e1fec43c60 DEOPT UNPACKING pc=0x000002e1ee0d46a2 sp=0x000000e1dfdfd978 mode 2
Event: 7.978 Thread 0x000002e1fec43c60 Uncommon trap: trap_request=0xffffff45 fr.pc=0x000002e1ee63d598 relative=0x00000000000004b8
Event: 7.978 Thread 0x000002e1fec43c60 Uncommon trap: reason=unstable_if action=reinterpret pc=0x000002e1ee63d598 method=java.lang.AbstractStringBuilder.isLatin1()Z @ 10 c2
Event: 7.978 Thread 0x000002e1fec43c60 DEOPT PACKING pc=0x000002e1ee63d598 sp=0x000000e1dfdfda50
Event: 7.978 Thread 0x000002e1fec43c60 DEOPT UNPACKING pc=0x000002e1ee0d46a2 sp=0x000000e1dfdfd9e0 mode 2
Event: 7.981 Thread 0x000002e1fec43c60 Uncommon trap: trap_request=0xffffff45 fr.pc=0x000002e1ee694374 relative=0x0000000000000054
Event: 7.981 Thread 0x000002e1fec43c60 Uncommon trap: reason=unstable_if action=reinterpret pc=0x000002e1ee694374 method=java.lang.CharacterData.of(I)Ljava/lang/CharacterData; @ 4 c2
Event: 7.981 Thread 0x000002e1fec43c60 DEOPT PACKING pc=0x000002e1ee694374 sp=0x000000e1dfdfd1e0
Event: 7.981 Thread 0x000002e1fec43c60 DEOPT UNPACKING pc=0x000002e1ee0d46a2 sp=0x000000e1dfdfd180 mode 2
Event: 8.022 Thread 0x000002e1dc479560 Uncommon trap: trap_request=0xffffff45 fr.pc=0x000002e1ee7d3b60 relative=0x0000000000001540
Event: 8.022 Thread 0x000002e1dc479560 Uncommon trap: reason=unstable_if action=reinterpret pc=0x000002e1ee7d3b60 method=jdk.internal.jimage.ImageLocation.verifyName(Ljava/lang/String;Ljava/lang/String;IIIIIILjdk/internal/jimage/ImageStrings;)Z @ 2 c2
Event: 8.022 Thread 0x000002e1dc479560 DEOPT PACKING pc=0x000002e1ee7d3b60 sp=0x000000e1deafdba0
Event: 8.022 Thread 0x000002e1dc479560 DEOPT UNPACKING pc=0x000002e1ee0d46a2 sp=0x000000e1deafda78 mode 2

Classes loaded (20 events):
Event: 7.824 Loading class java/beans/ConstructorProperties
Event: 7.824 Loading class java/beans/ConstructorProperties done
Event: 7.832 Loading class java/io/InvalidObjectException
Event: 7.832 Loading class java/io/InvalidObjectException done
Event: 7.840 Loading class java/util/concurrent/ConcurrentLinkedQueue
Event: 7.840 Loading class java/util/concurrent/ConcurrentLinkedQueue done
Event: 7.840 Loading class java/util/concurrent/ConcurrentLinkedQueue$Node
Event: 7.840 Loading class java/util/concurrent/ConcurrentLinkedQueue$Node done
Event: 7.844 Loading class java/util/concurrent/atomic/AtomicLongArray
Event: 7.844 Loading class java/util/concurrent/atomic/AtomicLongArray done
Event: 7.845 Loading class java/lang/invoke/VarHandleLongs$Array
Event: 7.845 Loading class java/lang/invoke/VarHandleLongs$Array done
Event: 7.845 Loading class java/util/concurrent/atomic/AtomicReferenceArray
Event: 7.845 Loading class java/util/concurrent/atomic/AtomicReferenceArray done
Event: 7.846 Loading class java/lang/invoke/VarHandleReferences$Array
Event: 7.846 Loading class java/lang/invoke/VarHandleReferences$Array done
Event: 7.971 Loading class sun/text/resources/cldr/FormatData_en
Event: 7.974 Loading class sun/text/resources/cldr/FormatData_en done
Event: 7.975 Loading class sun/text/resources/cldr/FormatData_en_US
Event: 7.975 Loading class sun/text/resources/cldr/FormatData_en_US done

Classes unloaded (0 events):
No events

Classes redefined (0 events):
No events

Internal exceptions (20 events):
Event: 3.400 Thread 0x000002e1dc479560 Exception <a 'java/lang/NoSuchMethodError'{0x00000007121f1b28}: 'java.lang.Object java.lang.invoke.DirectMethodHandle$Holder.invokeSpecial(java.lang.Object, java.lang.Object, java.lang.Object, int, java.lang.Object)'> (0x00000007121f1b28) 
thrown [s\open\src\hotspot\share\interpreter\linkResolver.cpp, line 773]
Event: 3.405 Thread 0x000002e1dc479560 Exception <a 'java/lang/NoSuchMethodError'{0x00000007121f9320}: 'java.lang.Object java.lang.invoke.DirectMethodHandle$Holder.newInvokeSpecial(java.lang.Object, java.lang.Object, java.lang.Object, int, java.lang.Object)'> (0x00000007121f9320) 
thrown [s\open\src\hotspot\share\interpreter\linkResolver.cpp, line 773]
Event: 3.406 Thread 0x000002e1dc479560 Exception <a 'java/lang/NoSuchMethodError'{0x0000000711e00fd8}: 'java.lang.Object java.lang.invoke.Invokers$Holder.linkToTargetMethod(java.lang.Object, java.lang.Object, int, java.lang.Object, java.lang.Object)'> (0x0000000711e00fd8) 
thrown [s\open\src\hotspot\share\interpreter\linkResolver.cpp, line 773]
Event: 3.410 Thread 0x000002e1dc479560 Exception <a 'java/lang/NoSuchMethodError'{0x0000000711e0f978}: 'java.lang.Object java.lang.invoke.DirectMethodHandle$Holder.newInvokeSpecial(java.lang.Object, int, java.lang.Object)'> (0x0000000711e0f978) 
thrown [s\open\src\hotspot\share\interpreter\linkResolver.cpp, line 773]
Event: 3.412 Thread 0x000002e1dc479560 Exception <a 'java/lang/NoSuchMethodError'{0x0000000711e14118}: 'int java.lang.invoke.DirectMethodHandle$Holder.invokeSpecialIFC(java.lang.Object, java.lang.Object, java.lang.Object, java.lang.Object)'> (0x0000000711e14118) 
thrown [s\open\src\hotspot\share\interpreter\linkResolver.cpp, line 773]
Event: 3.492 Thread 0x000002e1dc479560 Exception <a 'java/lang/NoSuchMethodError'{0x0000000711ec66d0}: 'void java.lang.invoke.DirectMethodHandle$Holder.invokeInterface(java.lang.Object, java.lang.Object, java.lang.Object)'> (0x0000000711ec66d0) 
thrown [s\open\src\hotspot\share\interpreter\linkResolver.cpp, line 773]
Event: 3.539 Thread 0x000002e1dc479560 Exception <a 'java/lang/NoSuchMethodError'{0x0000000711f39118}: 'java.lang.Object java.lang.invoke.Invokers$Holder.invoke_MT(java.lang.Object, java.lang.Object, java.lang.Object, java.lang.Object, java.lang.Object, java.lang.Object, java.lang.Object, java.lang.Object, java.lang.Object)'> (0x0000000711f39118) 
thrown [s\open\src\hotspot\share\interpreter\linkResolver.cpp, line 773]
Event: 3.548 Thread 0x000002e1dc479560 Exception <a 'java/lang/NoSuchMethodError'{0x0000000711f64ca0}: 'java.lang.reflect.Field[] java.lang.Class.getDeclaredFields(java.lang.Class)'> (0x0000000711f64ca0) 
thrown [s\open\src\hotspot\share\interpreter\linkResolver.cpp, line 773]
Event: 3.646 Thread 0x000002e1dc479560 Exception <a 'java/lang/NoSuchMethodError'{0x0000000711ffa898}: 'void java.lang.invoke.DirectMethodHandle$Holder.invokeStaticInit(java.lang.Object, java.lang.Object, java.lang.Object)'> (0x0000000711ffa898) 
thrown [s\open\src\hotspot\share\interpreter\linkResolver.cpp, line 773]
Event: 3.650 Thread 0x000002e1dc479560 Exception <a 'java/lang/NoSuchMethodError'{0x0000000711c69f98}: 'java.lang.Object java.lang.invoke.DirectMethodHandle$Holder.invokeStaticInit(java.lang.Object, int)'> (0x0000000711c69f98) 
thrown [s\open\src\hotspot\share\interpreter\linkResolver.cpp, line 773]
Event: 3.654 Thread 0x000002e1dc479560 Exception <a 'java/lang/NoSuchMethodError'{0x0000000711c74018}: 'java.lang.Object java.lang.invoke.DirectMethodHandle$Holder.invokeStatic(java.lang.Object, int, java.lang.Object)'> (0x0000000711c74018) 
thrown [s\open\src\hotspot\share\interpreter\linkResolver.cpp, line 773]
Event: 3.654 Thread 0x000002e1dc479560 Exception <a 'java/lang/NoSuchMethodError'{0x0000000711c77668}: 'java.lang.Object java.lang.invoke.DirectMethodHandle$Holder.invokeStaticInit(java.lang.Object, int, java.lang.Object)'> (0x0000000711c77668) 
thrown [s\open\src\hotspot\share\interpreter\linkResolver.cpp, line 773]
Event: 3.662 Thread 0x000002e1dc479560 Exception <a 'java/lang/NoSuchMethodError'{0x0000000711c95850}: 'java.lang.Object java.lang.invoke.DirectMethodHandle$Holder.invokeVirtual(java.lang.Object, java.lang.Object, java.lang.Object)'> (0x0000000711c95850) 
thrown [s\open\src\hotspot\share\interpreter\linkResolver.cpp, line 773]
Event: 3.697 Thread 0x000002e1dc479560 Exception <a 'java/lang/NoSuchMethodError'{0x0000000711d4d718}: 'void java.lang.invoke.DirectMethodHandle$Holder.invokeVirtual(java.lang.Object, java.lang.Object, java.lang.Object, java.lang.Object)'> (0x0000000711d4d718) 
thrown [s\open\src\hotspot\share\interpreter\linkResolver.cpp, line 773]
Event: 3.879 Thread 0x000002e1dc479560 Exception <a 'java/lang/IncompatibleClassChangeError'{0x0000000711bf7510}: Found class java.lang.Object, but interface was expected> (0x0000000711bf7510) 
thrown [s\open\src\hotspot\share\interpreter\linkResolver.cpp, line 840]
Event: 4.933 Thread 0x000002e1dc479560 Exception <a 'java/lang/NoSuchMethodError'{0x000000070fc0c100}: 'void java.lang.invoke.DirectMethodHandle$Holder.invokeSpecial(java.lang.Object, java.lang.Object, java.lang.Object, java.lang.Object, java.lang.Object, java.lang.Object)'> (0x000000070fc0c100) 
thrown [s\open\src\hotspot\share\interpreter\linkResolver.cpp, line 773]
Event: 5.496 Thread 0x000002e1fec43c60 Implicit null exception at 0x000002e1ee7341a0 to 0x000002e1ee7396b4
Event: 5.850 Thread 0x000002e1dc479560 Exception <a 'java/lang/NoSuchMethodError'{0x000000071207a2d8}: 'int java.lang.invoke.DirectMethodHandle$Holder.invokeSpecial(java.lang.Object, java.lang.Object, java.lang.Object, java.lang.Object, java.lang.Object)'> (0x000000071207a2d8) 
thrown [s\open\src\hotspot\share\interpreter\linkResolver.cpp, line 773]
Event: 6.373 Thread 0x000002e1dc479560 Exception <a 'java/lang/NoClassDefFoundError'{0x0000000711aa78d8}: jakarta/servlet/Filter> (0x0000000711aa78d8) 
thrown [s\open\src\hotspot\share\classfile\systemDictionary.cpp, line 301]
Event: 6.561 Thread 0x000002e1dc479560 Exception <a 'java/lang/IncompatibleClassChangeError'{0x00000007115375f0}: Found class java.lang.Object, but interface was expected> (0x00000007115375f0) 
thrown [s\open\src\hotspot\share\interpreter\linkResolver.cpp, line 840]

ZGC Phase Switch (0 events):
No events

VM Operations (20 events):
Event: 3.857 Executing VM operation: HandshakeAllThreads (Deoptimize)
Event: 3.857 Executing VM operation: HandshakeAllThreads (Deoptimize) done
Event: 3.858 Executing VM operation: HandshakeAllThreads (Deoptimize)
Event: 3.858 Executing VM operation: HandshakeAllThreads (Deoptimize) done
Event: 4.860 Executing VM operation: Cleanup
Event: 4.863 Executing VM operation: Cleanup done
Event: 5.477 Executing VM operation: G1CollectForAllocation (G1 Evacuation Pause)
Event: 5.494 Executing VM operation: G1CollectForAllocation (G1 Evacuation Pause) done
Event: 5.771 Executing VM operation: HandshakeAllThreads (Deoptimize)
Event: 5.779 Executing VM operation: HandshakeAllThreads (Deoptimize) done
Event: 6.577 Executing VM operation: HandshakeAllThreads (Deoptimize)
Event: 6.577 Executing VM operation: HandshakeAllThreads (Deoptimize) done
Event: 6.577 Executing VM operation: Cleanup
Event: 6.577 Executing VM operation: Cleanup done
Event: 7.581 Executing VM operation: Cleanup
Event: 7.640 Executing VM operation: Cleanup done
Event: 7.981 Executing VM operation: HandshakeAllThreads (Deoptimize)
Event: 7.982 Executing VM operation: HandshakeAllThreads (Deoptimize) done
Event: 8.187 Executing VM operation: HandshakeAllThreads (Deoptimize)
Event: 8.187 Executing VM operation: HandshakeAllThreads (Deoptimize) done

Events (20 events):
Event: 0.082 Thread 0x000002e1fd80b160 Thread added: 0x000002e1fd80b160
Event: 0.082 Thread 0x000002e1fd80cbd0 Thread added: 0x000002e1fd80cbd0
Event: 0.082 Thread 0x000002e1fd80d7e0 Thread added: 0x000002e1fd80d7e0
Event: 0.082 Thread 0x000002e1fd80e240 Thread added: 0x000002e1fd80e240
Event: 0.082 Thread 0x000002e1fd80f180 Thread added: 0x000002e1fd80f180
Event: 0.083 Thread 0x000002e1fd80fdd0 Thread added: 0x000002e1fd80fdd0
Event: 0.304 Thread 0x000002e1fd7cd1c0 Thread added: 0x000002e1fd7cd1c0
Event: 0.737 Thread 0x000002e1fdf6d7c0 Thread added: 0x000002e1fdf6d7c0
Event: 0.738 Thread 0x000002e1fdf6de30 Thread added: 0x000002e1fdf6de30
Event: 0.870 Thread 0x000002e1fe16ea80 Thread added: 0x000002e1fe16ea80
Event: 1.429 Thread 0x000002e1fe34ceb0 Thread added: 0x000002e1fe34ceb0
Event: 2.182 Thread 0x000002e1fe34ceb0 Thread exited: 0x000002e1fe34ceb0
Event: 3.092 Thread 0x000002e1fe16ea80 Thread exited: 0x000002e1fe16ea80
Event: 3.598 Thread 0x000002e1fee04bb0 Thread added: 0x000002e1fee04bb0
Event: 3.623 Thread 0x000002e1fee04bb0 Thread exited: 0x000002e1fee04bb0
Event: 3.869 Thread 0x000002e1fec43c60 Thread added: 0x000002e1fec43c60
Event: 4.114 Thread 0x000002e1fed750b0 Thread added: 0x000002e1fed750b0
Event: 4.263 Thread 0x000002e1fe8fdb50 Thread added: 0x000002e1fe8fdb50
Event: 6.243 Thread 0x000002e1c5177060 Thread added: 0x000002e1c5177060
Event: 6.514 Thread 0x000002e1c5177060 Thread exited: 0x000002e1c5177060


Dynamic libraries:
0x00007ff6f4f30000 - 0x00007ff6f4f40000 	C:\Program Files\Java\jdk-21\bin\java.exe
0x00007ffa58dc0000 - 0x00007ffa58fc9000 	C:\Windows\SYSTEM32\ntdll.dll
0x00007ffa57a80000 - 0x00007ffa57b3d000 	C:\Windows\System32\KERNEL32.DLL
0x00007ffa564d0000 - 0x00007ffa56854000 	C:\Windows\System32\KERNELBASE.dll
0x00007ffa56a70000 - 0x00007ffa56b81000 	C:\Windows\System32\ucrtbase.dll
0x00007ffa520b0000 - 0x00007ffa520c9000 	C:\Program Files\Java\jdk-21\bin\jli.dll
0x00007ffa575a0000 - 0x00007ffa5764e000 	C:\Windows\System32\ADVAPI32.dll
0x00007ffa58a80000 - 0x00007ffa58b23000 	C:\Windows\System32\msvcrt.dll
0x00007ffa56c80000 - 0x00007ffa56d1e000 	C:\Windows\System32\sechost.dll
0x00007ffa56d90000 - 0x00007ffa56eb1000 	C:\Windows\System32\RPCRT4.dll
0x00007ffa58050000 - 0x00007ffa581fd000 	C:\Windows\System32\USER32.dll
0x00007ffa56a40000 - 0x00007ffa56a66000 	C:\Windows\System32\win32u.dll
0x00007ffa57e10000 - 0x00007ffa57e3a000 	C:\Windows\System32\GDI32.dll
0x00007ffa56920000 - 0x00007ffa56a3e000 	C:\Windows\System32\gdi32full.dll
0x00007ffa3fcc0000 - 0x00007ffa3ff65000 	C:\Windows\WinSxS\amd64_microsoft.windows.common-controls_6595b64144ccf1df_6.0.22000.120_none_9d947278b86cc467\COMCTL32.dll
0x00007ffa563c0000 - 0x00007ffa5645d000 	C:\Windows\System32\msvcp_win.dll
0x00007ffa4fe00000 - 0x00007ffa4fe0a000 	C:\Windows\SYSTEM32\VERSION.dll
0x00007ffa52090000 - 0x00007ffa520ab000 	C:\Program Files\Java\jdk-21\bin\VCRUNTIME140.dll
0x00007ffa57c20000 - 0x00007ffa57c51000 	C:\Windows\System32\IMM32.DLL
0x00007ffa52080000 - 0x00007ffa5208c000 	C:\Program Files\Java\jdk-21\bin\vcruntime140_1.dll
0x00007ffa44640000 - 0x00007ffa446ce000 	C:\Program Files\Java\jdk-21\bin\msvcp140.dll
0x00007ffa1a440000 - 0x00007ffa1b155000 	C:\Program Files\Java\jdk-21\bin\server\jvm.dll
0x00007ffa56c10000 - 0x00007ffa56c7f000 	C:\Windows\System32\WS2_32.dll
0x00007ffa54b70000 - 0x00007ffa54bbd000 	C:\Windows\SYSTEM32\POWRPROF.dll
0x00007ffa4ffb0000 - 0x00007ffa4ffe3000 	C:\Windows\SYSTEM32\WINMM.dll
0x00007ffa54c60000 - 0x00007ffa54c73000 	C:\Windows\SYSTEM32\UMPDC.dll
0x00007ffa55370000 - 0x00007ffa55388000 	C:\Windows\SYSTEM32\kernel.appcore.dll
0x00007ffa52070000 - 0x00007ffa5207a000 	C:\Program Files\Java\jdk-21\bin\jimage.dll
0x00007ffa53c60000 - 0x00007ffa53e81000 	C:\Windows\SYSTEM32\DBGHELP.DLL
0x00007ffa39990000 - 0x00007ffa399c1000 	C:\Windows\SYSTEM32\dbgcore.DLL
0x00007ffa56b90000 - 0x00007ffa56c0f000 	C:\Windows\System32\bcryptPrimitives.dll
0x00007ffa520e0000 - 0x00007ffa520ef000 	C:\Program Files\Java\jdk-21\bin\instrument.dll
0x00007ffa52050000 - 0x00007ffa5206f000 	C:\Program Files\Java\jdk-21\bin\java.dll
0x00007ffa58200000 - 0x00007ffa589c5000 	C:\Windows\System32\SHELL32.dll
0x00007ffa542f0000 - 0x00007ffa54b52000 	C:\Windows\SYSTEM32\windows.storage.dll
0x00007ffa57700000 - 0x00007ffa57a76000 	C:\Windows\System32\combase.dll
0x00007ffa54180000 - 0x00007ffa542e7000 	C:\Windows\SYSTEM32\wintypes.dll
0x00007ffa57e40000 - 0x00007ffa57f2a000 	C:\Windows\System32\SHCORE.dll
0x00007ffa57bb0000 - 0x00007ffa57c0d000 	C:\Windows\System32\shlwapi.dll
0x00007ffa56180000 - 0x00007ffa561a5000 	C:\Windows\SYSTEM32\profapi.dll
0x00007ffa44560000 - 0x00007ffa44637000 	C:\Program Files\Java\jdk-21\bin\jsvml.dll
0x00007ffa45030000 - 0x00007ffa45048000 	C:\Program Files\Java\jdk-21\bin\zip.dll
0x00007ffa52040000 - 0x00007ffa52050000 	C:\Program Files\Java\jdk-21\bin\net.dll
0x00007ffa50520000 - 0x00007ffa50634000 	C:\Windows\SYSTEM32\WINHTTP.dll
0x00007ffa55820000 - 0x00007ffa55887000 	C:\Windows\system32\mswsock.dll
0x00007ffa45050000 - 0x00007ffa45066000 	C:\Program Files\Java\jdk-21\bin\nio.dll
0x00007ffa44f90000 - 0x00007ffa44f97000 	C:\Program Files\Java\jdk-21\bin\extnet.dll
0x00007ffa54e90000 - 0x00007ffa54ebd000 	C:\Windows\SYSTEM32\IPHLPAPI.DLL
0x00007ffa57e00000 - 0x00007ffa57e09000 	C:\Windows\System32\NSI.dll
0x00007ffa54ec0000 - 0x00007ffa54fa7000 	C:\Windows\SYSTEM32\DNSAPI.dll
0x00007ffa3f960000 - 0x00007ffa3f96a000 	C:\Windows\System32\rasadhlp.dll
0x00007ffa4e2c0000 - 0x00007ffa4e341000 	C:\Windows\System32\fwpuclnt.dll
0x00007ffa44f60000 - 0x00007ffa44f70000 	C:\Program Files\Java\jdk-21\bin\verify.dll

dbghelp: loaded successfully - version: 4.0.5 - missing functions: none
symbol engine: initialized successfully - sym options: 0x614 - pdb path: .;C:\Program Files\Java\jdk-21\bin;C:\Windows\SYSTEM32;C:\Windows\WinSxS\amd64_microsoft.windows.common-controls_6595b64144ccf1df_6.0.22000.120_none_9d947278b86cc467;C:\Program Files\Java\jdk-21\bin\server

VM Arguments:
jvm_args: -javaagent:C:\Program Files\JetBrains\IntelliJ IDEA 2025.2.3\lib\idea_rt.jar=57956 -Dfile.encoding=UTF-8 -Dsun.stdout.encoding=UTF-8 -Dsun.stderr.encoding=UTF-8 
java_command: com.example.gateway.GatewayApplication
java_class_path (initial): C:\Users\DELL\Downloads\TP_AD\gateway\target\classes;C:\Users\DELL\.m2\repository\org\springframework\cloud\spring-cloud-starter-gateway\4.3.0\spring-cloud-starter-gateway-4.3.0.jar;C:\Users\DELL\.m2\repository\org\springframework\cloud\spring-cloud-starter\4.3.0\spring-cloud-starter-4.3.0.jar;C:\Users\DELL\.m2\repository\org\springframework\cloud\spring-cloud-context\4.3.0\spring-cloud-context-4.3.0.jar;C:\Users\DELL\.m2\repository\org\springframework\security\spring-security-crypto\6.5.6\spring-security-crypto-6.5.6.jar;C:\Users\DELL\.m2\repository\org\springframework\cloud\spring-cloud-commons\4.3.0\spring-cloud-commons-4.3.0.jar;C:\Users\DELL\.m2\repository\org\bouncycastle\bcprov-jdk18on\1.80\bcprov-jdk18on-1.80.jar;C:\Users\DELL\.m2\repository\org\springframework\cloud\spring-cloud-gateway-server\4.3.0\spring-cloud-gateway-server-4.3.0.jar;C:\Users\DELL\.m2\repository\org\springframework\boot\spring-boot-starter-validation\3.5.7\spring-boot-starter-validation-3.5.7.jar;C:\Users\DELL\.m2\repository\org\apache\tomcat\embed\tomcat-embed-el\10.1.48\tomcat-embed-el-10.1.48.jar;C:\Users\DELL\.m2\repository\org\hibernate\validator\hibernate-validator\8.0.3.Final\hibernate-validator-8.0.3.Final.jar;C:\Users\DELL\.m2\repository\jakarta\validation\jakarta.validation-api\3.0.2\jakarta.validation-api-3.0.2.jar;C:\Users\DELL\.m2\repository\org\jboss\logging\jboss-logging\3.6.1.Final\jboss-logging-3.6.1.Final.jar;C:\Users\DELL\.m2\repository\com\fasterxml\classmate\1.7.1\classmate-1.7.1.jar;C:\Users\DELL\.m2\repository\io\projectreactor\addons\reactor-extra\3.5.4\reactor-extra-3.5.4.jar;C:\Users\DELL\.m2\repository\io\projectreactor\reactor-core\3.7.12\reactor-core-3.7.12.jar;C:\Users\DELL\.m2\repository\org\reactivestreams\reactive-streams\1.0.4\reactive-streams-1.0.4.jar;C:\Users\DELL\.m2\repository\org\springframework\boot\spring-boot-starter-webflux\3.5.7\spring-boot-starter-webflux-3.5.7.jar;C:\Users\DELL\.m2\repository\org\springframework\boot\spring-boot-starter-json\3.5.7\spring-boot-starter-json-3.5.7.jar;C:\Users\DELL\.m2\repository\com\fasterxml\jackson\datatype\jackson-datatype-jdk8\2.19.2\jackson-datatype-jdk8-2.19.2.jar;C:\Users\DELL\.m2\repository\com\fasterxml\jackson\module\jackson-module-parameter-names\2.19.2\jackson-module-parameter-names-2.19.2.jar;C:\Users\DELL\.m2\repository\org\springframework\boot\spring-boot-starter-reactor-netty\3.5.7\spring-boot-starter-reactor-netty-3.5.7.jar;C:\Users\DELL\.m2\repository\io\projectreactor\netty\reactor-netty-http\1.2.11\reactor-netty-http-1.2.11.jar;C:\Users\DELL\.m2\repository\io\netty\netty-codec-http\4.1.128.Final\netty-codec-http-4.1.128.Final.jar;C:\Users\DELL\.m2\repository\io\netty\netty-common\4.1.128.Final\netty-common-4.1.128.Final.jar;C:\Users\DELL\.m2\repository\io\netty\netty-buffer\4.1.128.Final\netty-buffer-4.1.128.Final.jar;C:\Users\DELL\.m2\repository\io\netty\netty-transport\4.1.128.Final\netty-transport-4.1.128.Final.jar;C:\Users\DELL\.m2\repository\io\netty\netty-codec\4.1.128.Final\netty-codec-4.1.128.Final.jar;C:\Users\DELL\.m2\repository\io\netty\netty-handler\4.1.128.Final\netty-handler-4.1.128.Final.jar;C:\Users\DELL\.m2\repository\io\netty\netty-codec-http2\4.1.128.Final\netty-codec-http2-4.1.128.Final.jar;C:\Users\DELL\.m2\repository\io\netty\netty-resolver-dns\4.1.128.Final\netty-resolver-dns-4.1.128.Final.jar;C:\Users\DELL\.m2\repository\io\netty\netty-resolver\4.1.128.Final\netty-resolver-4.1.128.Final.jar;C:\Users\DELL\.m2\repository\io\netty\netty-codec-dns\4.1.128.Final\netty-codec-dns-4.1.128.Final.jar;C:\Users\DELL\.m2\repository\io\netty\netty-resolver-dns-native-macos\4.1.128.Final\netty-resolver-dns-native-macos-4.1.128.Final-osx-x86_64.jar;C:\Users\DELL\.m2\repository\io\netty\netty-resolver-dns-classes-macos\4.1.128.Final\netty-resolver-dns-classes-macos-4.1.128.Final.jar;C:\Users\DELL\.m2\repository\io\netty\netty-transport-native-epoll\4.1.128.Final\netty-transport-native-epoll-4.1.128.Final-linux-x86_64.jar;C:\Users\DELL\.m2\repository\io\netty\netty-transport-native-unix-common\4.1.128.Final\netty-transport-native-unix-common-4.1.128.Final.jar;C:\Users\DELL\.m2\repository\io\netty\netty-transport-classes-epoll\4.1.128.Final\netty-transport-classes-epoll-4.1.128.Final.jar;C:\Users\DELL\.m2\repository\io\projectreactor\netty\reactor-netty-core\1.2.11\reactor-netty-core-1.2.11.jar;C:\Users\DELL\.m2\repository\io\netty\netty-handler-proxy\4.1.128.Final\netty-handler-proxy-4.1.128.Final.jar;C:\Users\DELL\.m2\repository\io\netty\netty-codec-socks\4.1.128.Final\netty-codec-socks-4.1.128.Final.jar;C:\Users\DELL\.m2\repository\org\springframework\spring-web\6.2.12\spring-web-6.2.12.jar;C:\Users\DELL\.m2\repository\org\springframework\spring-beans\6.2.12\spring-beans-6.2.12.jar;C:\Users\DELL\.m2\repository\org\springframework\spring-webflux\6.2.12\spring-webflux-6.2.12.jar;C:\Users\DELL\.m2\repository\org\springframework\boot\spring-boot-properties-migrator\3.5.7\spring-boot-properties-migrator-3.5.7.jar;C:\Users\DELL\.m2\repository\org\springframework\boot\spring-boot\3.5.7\spring-boot-3.5.7.jar;C:\Users\DELL\.m2\repository\org\springframework\spring-context\6.2.12\spring-context-6.2.12.jar;C:\Users\DELL\.m2\repository\org\springframework\spring-aop\6.2.12\spring-aop-6.2.12.jar;C:\Users\DELL\.m2\repository\org\springframework\spring-expression\6.2.12\spring-expression-6.2.12.jar;C:\Users\DELL\.m2\repository\org\springframework\boot\spring-boot-configuration-metadata\3.5.7\spring-boot-configuration-metadata-3.5.7.jar;C:\Users\DELL\.m2\repository\org\springframework\cloud\spring-cloud-starter-netflix-eureka-client\4.3.0\spring-cloud-starter-netflix-eureka-client-4.3.0.jar;C:\Users\DELL\.m2\repository\org\springframework\cloud\spring-cloud-netflix-eureka-client\4.3.0\spring-cloud-netflix-eureka-client-4.3.0.jar;C:\Users\DELL\.m2\repository\org\apache\httpcomponents\client5\httpclient5\5.5.1\httpclient5-5.5.1.jar;C:\Users\DELL\.m2\repository\org\apache\httpcomponents\core5\httpcore5\5.3.6\httpcore5-5.3.6.jar;C:\Users\DELL\.m2\repository\org\apache\httpcomponents\core5\httpcore5-h2\5.3.6\httpcore5-h2-5.3.6.jar;C:\Users\DELL\.m2\repository\com\netflix\eureka\eureka-client\2.0.4\eureka-client-2.0.4.jar;C:\Users\DELL\.m2\repository\com\thoughtworks\xstream\xstream\1.4.20\xstream-1.4.20.jar;C:\Users\DELL\.m2\repository\io\github\x-stream\mxparser\1.2.2\mxparser-1.2.2.jar;C:\Users\DELL\.m2\repository\xmlpull\xmlpull\1.1.3.1\xmlpull-1.1.3.1.jar;C:\Users\DELL\.m2\repository\jakarta\ws\rs\jakarta.ws.rs-api\3.1.0\jakarta.ws.rs-api-3.1.0.jar;C:\Users\DELL\.m2\repository\jakarta\inject\jakarta.inject-api\2.0.1\jakarta.inject-api-2.0.1.jar;C:\Users\DELL\.m2\repository\jakarta\annotation\jakarta.annotation-api\2.1.1\jakarta.annotation-api-2.1.1.jar;C:\Users\DELL\.m2\repository\com\netflix\spectator\spectator-api\1.7.3\spectator-api-1.7.3.jar;C:\Users\DELL\.m2\repository\org\apache\httpcomponents\httpclient\4.5.3\httpclient-4.5.3.jar;C:\Users\DELL\.m2\repository\org\apache\httpcomponents\httpcore\4.4.16\httpcore-4.4.16.jar;C:\Users\DELL\.m2\repository\commons-codec\commons-codec\1.18.0\commons-codec-1.18.0.jar;C:\Users\DELL\.m2\repository\commons-configuration\commons-configuration\1.10\commons-configuration-1.10.jar;C:\Users\DELL\.m2\repository\commons-lang\commons-lang\2.6\commons-lang-2.6.jar;C:\Users\DELL\.m2\repository\com\fasterxml\jackson\core\jackson-annotations\2.19.2\jackson-annotations-2.19.2.jar;C:\Users\DELL\.m2\repository\com\fasterxml\jackson\core\jackson-core\2.19.2\jackson-core-2.19.2.jar;C:\Users\DELL\.m2\repository\com\fasterxml\jackson\core\jackson-databind\2.19.2\jackson-databind-2.19.2.jar;C:\Users\DELL\.m2\repository\com\netflix\netflix-commons\netflix-eventbus\0.3.0\netflix-eventbus-0.3.0.jar;C:\Users\DELL\.m2\repository\com\netflix\netflix-commons\netflix-infix\0.3.0\netflix-infix-0.3.0.jar;C:\Users\DELL\.m2\repository\commons-jxpath\commons-jxpath\1.3\commons-jxpath-1.3.jar;C:\Users\DELL\.m2\repository\joda-time\joda-time\2.3\joda-time-2.3.jar;C:\Users\DELL\.m2\repository\org\antlr\antlr-runtime\3.4\antlr-runtime-3.4.jar;C:\Users\DELL\.m2\repository\org\antlr\stringtemplate\3.2.1\stringtemplate-3.2.1.jar;C:\Users\DELL\.m2\repository\antlr\antlr\2.7.7\antlr-2.7.7.jar;C:\Users\DELL\.m2\repository\com\google\guava\guava\14.0.1\guava-14.0.1.jar;C:\Users\DELL\.m2\repository\com\google\code\gson\gson\2.13.2\gson-2.13.2.jar;C:\Users\DELL\.m2\repository\com\google\errorprone\error_prone_annotations\2.41.0\error_prone_annotations-2.41.0.jar;C:\Users\DELL\.m2\repository\com\netflix\servo\servo-core\0.5.3\servo-core-0.5.3.jar;C:\Users\DELL\.m2\repository\org\apache\commons\commons-math\2.2\commons-math-2.2.jar;C:\Users\DELL\.m2\repository\javax\annotation\javax.annotation-api\1.2\javax.annotation-api-1.2.jar;C:\Users\DELL\.m2\repository\org\codehaus\jettison\jettison\1.5.4\jettison-1.5.4.jar;C:\Users\DELL\.m2\repository\org\springframework\cloud\spring-cloud-starter-loadbalancer\4.3.0\spring-cloud-starter-loadbalancer-4.3.0.jar;C:\Users\DELL\.m2\repository\org\springframework\cloud\spring-cloud-loadbalancer\4.3.0\spring-cloud-loadbalancer-4.3.0.jar;C:\Users\DELL\.m2\repository\org\springframework\boot\spring-boot-starter-cache\3.5.7\spring-boot-starter-cache-3.5.7.jar;C:\Users\DELL\.m2\repository\org\springframework\spring-context-support\6.2.12\spring-context-support-6.2.12.jar;C:\Users\DELL\.m2\repository\com\stoyanr\evictor\1.0.0\evictor-1.0.0.jar;C:\Users\DELL\.m2\repository\org\springframework\boot\spring-boot-starter-actuator\3.5.7\spring-boot-starter-actuator-3.5.7.jar;C:\Users\DELL\.m2\repository\org\springframework\boot\spring-boot-starter\3.5.7\spring-boot-starter-3.5.7.jar;C:\Users\DELL\.m2\repository\org\springframework\boot\spring-boot-autoconfigure\3.5.7\spring-boot-autoconfigure-3.5.7.jar;C:\Users\DELL\.m2\repository\org\springframework\boot\spring-boot-starter-logging\3.5.7\spring-boot-starter-logging-3.5.7.jar;C:\Users\DELL\.m2\repository\ch\qos\logback\logback-classic\1.5.20\logback-classic-1.5.20.jar;C:\Users\DELL\.m2\repository\ch\qos\logback\logback-core\1.5.20\logback-core-1.5.20.jar;C:\Users\DELL\.m2\repository\org\apache\logging\log4j\log4j-to-slf4j\2.24.3\log4j-to-slf4j-2.24.3.jar;C:\Users\DELL\.m2\repository\org\apache\logging\log4j\log4j-api\2.24.3\log4j-api-2.24.3.jar;C:\Users\DELL\.m2\repository\org\slf4j\jul-to-slf4j\2.0.17\jul-to-slf4j-2.0.17.jar;C:\Users\DELL\.m2\repository\org\yaml\snakeyaml\2.4\snakeyaml-2.4.jar;C:\Users\DELL\.m2\repository\org\springframework\boot\spring-boot-actuator-autoconfigure\3.5.7\spring-boot-actuator-autoconfigure-3.5.7.jar;C:\Users\DELL\.m2\repository\org\springframework\boot\spring-boot-actuator\3.5.7\spring-boot-actuator-3.5.7.jar;C:\Users\DELL\.m2\repository\com\fasterxml\jackson\datatype\jackson-datatype-jsr310\2.19.2\jackson-datatype-jsr310-2.19.2.jar;C:\Users\DELL\.m2\repository\io\micrometer\micrometer-observation\1.15.5\micrometer-observation-1.15.5.jar;C:\Users\DELL\.m2\repository\io\micrometer\micrometer-commons\1.15.5\micrometer-commons-1.15.5.jar;C:\Users\DELL\.m2\repository\io\micrometer\micrometer-jakarta9\1.15.5\micrometer-jakarta9-1.15.5.jar;C:\Users\DELL\.m2\repository\io\micrometer\micrometer-core\1.15.5\micrometer-core-1.15.5.jar;C:\Users\DELL\.m2\repository\org\hdrhistogram\HdrHistogram\2.2.2\HdrHistogram-2.2.2.jar;C:\Users\DELL\.m2\repository\org\latencyutils\LatencyUtils\2.0.3\LatencyUtils-2.0.3.jar;C:\Users\DELL\.m2\repository\com\vaadin\external\google\android-json\0.0.20131108.vaadin1\android-json-0.0.20131108.vaadin1.jar;C:\Users\DELL\.m2\repository\org\springframework\spring-core\6.2.12\spring-core-6.2.12.jar;C:\Users\DELL\.m2\repository\org\springframework\spring-jcl\6.2.12\spring-jcl-6.2.12.jar;C:\Users\DELL\.m2\repository\org\testng\testng\7.11.0\testng-7.11.0.jar;C:\Users\DELL\.m2\repository\org\slf4j\slf4j-api\2.0.17\slf4j-api-2.0.17.jar;C:\Users\DELL\.m2\repository\org\jcommander\jcommander\1.83\jcommander-1.83.jar;C:\Users\DELL\.m2\repository\org\webjars\jquery\3.7.1\jquery-3.7.1.jar
Launcher Type: SUN_STANDARD

[Global flags]
     intx CICompilerCount                          = 4                                         {product} {ergonomic}
     uint ConcGCThreads                            = 2                                         {product} {ergonomic}
     uint G1ConcRefinementThreads                  = 8                                         {product} {ergonomic}
   size_t G1HeapRegionSize                         = 2097152                                   {product} {ergonomic}
    uintx GCDrainStackTargetSize                   = 64                                        {product} {ergonomic}
   size_t InitialHeapSize                          = 266338304                                 {product} {ergonomic}
   size_t MarkStackSize                            = 4194304                                   {product} {ergonomic}
   size_t MaxHeapSize                              = 4253024256                                {product} {ergonomic}
   size_t MaxNewSize                               = 2550136832                                {product} {ergonomic}
   size_t MinHeapDeltaBytes                        = 2097152                                   {product} {ergonomic}
   size_t MinHeapSize                              = 8388608                                   {product} {ergonomic}
    uintx NonNMethodCodeHeapSize                   = 5839372                                {pd product} {ergonomic}
    uintx NonProfiledCodeHeapSize                  = 122909434                              {pd product} {ergonomic}
    uintx ProfiledCodeHeapSize                     = 122909434                              {pd product} {ergonomic}
    uintx ReservedCodeCacheSize                    = 251658240                              {pd product} {ergonomic}
     bool SegmentedCodeCache                       = true                                      {product} {ergonomic}
   size_t SoftMaxHeapSize                          = 4253024256                             {manageable} {ergonomic}
     bool UseCompressedOops                        = true                           {product lp64_product} {ergonomic}
     bool UseG1GC                                  = true                                      {product} {ergonomic}
     bool UseLargePagesIndividualAllocation        = false                                  {pd product} {ergonomic}

Logging:
Log output configuration:
 #0: stdout all=warning uptime,level,tags foldmultilines=false
 #1: stderr all=off uptime,level,tags foldmultilines=false

Environment Variables:
JAVA_HOME=C:\Program Files\Java\jdk-21
PATH=C:\Program Files\Common Files\Oracle\Java\javapath;C:\app\DELL\product\11.2.0\dbhome_1\bin;C:\Windows\system32;C:\Windows;C:\Windows\System32\Wbem;C:\Windows\System32\WindowsPowerShell\v1.0\;C:\Windows\System32\OpenSSH\;C:\ProgramData\chocolatey\bin;C:\texlive\2024\bin\win32;C:\Users\DELL\AppData\Local\Pandoc;C:\Program Files\MongoDB\Server\8.0\bin;C:\Program Files\MongoDB\Tools\100\bin;C:\kafka_2.12-3.9.0\bin;C:\Program Files\nodejs;C:\Users\DELL\Downloads\flutter\bin;C:\Users\DELL\AppData\Local\Pub\Cache\bin;C:\Users\DELL\AppData\Local\Android\Sdk\platform-tools;C:\Program Files\dotnet\;C:\Program Files\Microsoft SQL Server\Client SDK\ODBC\170\Tools\Binn\;C:\Program Files (x86)\Microsoft SQL Server\150\Tools\Binn\;C:\Program Files\Microsoft SQL Server\150\Tools\Binn\;C:\Program Files\Microsoft SQL Server\150\DTS\Binn\;C:\Program Files (x86)\Microsoft SQL Server\160\DTS\Binn\;C:\Program Files\Microsoft SQL Server\130\DTS\Binn\;C:\Program Files\Microsoft SQL Server\140\DTS\Binn\;C:\Program Files\Microsoft SQL Server\160\DTS\Binn\;C:\Program Files (x86)\Microsoft SQL Server\160\Tools\Binn\;C:\Program Files\Microsoft SQL Server\160\Tools\Binn\;C:\Users\DELL\AppData\Local\Programs\Python\Python313\Scripts\;C:\Users\DELL\AppData\Local\Programs\Python\Python313\;C:\Users\DELL\AppData\Local\Programs\Python\Python312\Scripts\;C:\Users\DELL\AppData\Local\Programs\Python\Python312\;C:\Users\DELL\AppData\Local\Microsoft\WindowsApps;C:\Program Files\Azure Data Studio\bin;C:\Users\DELL\AppData\Local\Programs\Microsoft VS Code\bin;C:\Program Files\JetBrains\IntelliJ IDEA 2023.3.6\bin;;C:\Program Files\JetBrains\PyCharm 2024.2.3\bin;;C:\texlive\2024\bin\win32;C:\Program Files\Java\jdk-21\bin;C:\Spark\bin;C:\hadoop\bin;C:\Users\DELL\Downloads\flutter\bin;C:\Users\DELL\Downloads\flutter\bin\cache\dart-sdk\bin;C:\apache-maven-3.9.11\bin;
USERNAME=DELL
OS=Windows_NT
PROCESSOR_IDENTIFIER=Intel64 Family 6 Model 142 Stepping 10, GenuineIntel
TMP=C:\Users\DELL\AppData\Local\Temp
TEMP=C:\Users\DELL\AppData\Local\Temp




Periodic native trim disabled

---------------  S Y S T E M  ---------------

OS:
 Windows 11 , 64 bit Build 22000 (10.0.22000.2538)
OS uptime: 0 days 22:33 hours
Hyper-V role detected

CPU: total 8 (initial active 8) (4 cores per cpu, 2 threads per core) family 6 model 142 stepping 10 microcode 0xf0, cx8, cmov, fxsr, ht, mmx, 3dnowpref, sse, sse2, sse3, ssse3, sse4.1, sse4.2, popcnt, lzcnt, tsc, tscinvbit, avx, avx2, aes, erms, clmul, bmi1, bmi2, adx, fma, vzeroupper, clflush, clflushopt, hv, rdtscp, f16c
Processor Information for all 8 processors :
  Max Mhz: 1992, Current Mhz: 1792, Mhz Limit: 1792

Memory: 4k page, system-wide physical 16217M (2935M free)
TotalPageFile size 25480M (AvailPageFile size 137M)
current process WorkingSet (physical memory assigned to process): 198M, peak: 210M
current process commit charge ("private bytes"): 303M, peak: 436M

vm_info: Java HotSpot(TM) 64-Bit Server VM (21.0.1+12-LTS-29) for windows-amd64 JRE (21.0.1+12-LTS-29), built on 2023-10-05T13:27:09Z by "mach5one" with MS VC++ 17.1 (VS2022)

END.
